Info: Starting: Create simulation model
Info: qsys-generate /home/kasia/Documents/9_semestr/fpga/CodeGenerated/DE1_SOC/Squares/squares.qsys --simulation=VERILOG --allow-mixed-language-simulation --output-directory=/home/kasia/Documents/9_semestr/fpga/CodeGenerated/DE1_SOC/Squares/squares/simulation --family="Cyclone V" --part=5CSEMA5F31C6
Progress: Loading Squares/squares.qsys
Progress: Reading input file
Progress: Adding clk_0 [clock_source 19.1]
Progress: Parameterizing module clk_0
Progress: Adding game_0 [game 1.0]
Progress: Parameterizing module game_0
Progress: Adding pll_0 [altera_pll 19.1]
Progress: Parameterizing module pll_0
Progress: Adding video_pll_0 [altera_up_avalon_video_pll 18.0]
Progress: Parameterizing module video_pll_0
Progress: Adding video_vga_controller_0 [altera_up_avalon_video_vga_controller 18.0]
Progress: Parameterizing module video_vga_controller_0
Progress: Building connections
Progress: Parameterizing connections
Progress: Validating
Progress: Done reading input file
Info: squares.pll_0: The legal reference clock frequency is 5.0 MHz..800.0 MHz
Info: squares.pll_0: Able to implement PLL with user settings
Info: squares.video_vga_controller_0: Video Output Stream: Format: 640 x 480 with Color: 10 (bits) x 3 (planes) converted to 8 (bits) per color plane
Info: squares: Generating squares "squares" for SIM_VERILOG
Info: game_0: "squares" instantiated game "game_0"
Info: pll_0: Generating simgen model
Info: pll_0: Info: ******************************************************************* Info: Running Quartus Prime Shell     Info: Version 19.1.0 Build 670 09/22/2019 SJ Lite Edition     Info: Copyright (C) 2019  Intel Corporation. All rights reserved.     Info: Your use of Intel Corporation's design tools, logic functions      Info: and other software and tools, and any partner logic      Info: functions, and any output files from any of the foregoing      Info: (including device programming or simulation files), and any      Info: associated documentation or information are expressly subject      Info: to the terms and conditions of the Intel Program License      Info: Subscription Agreement, the Intel Quartus Prime License Agreement,     Info: the Intel FPGA IP License Agreement, or other applicable license     Info: agreement, including, without limitation, that your use is for     Info: the sole purpose of programming logic devices manufactured by     Info: Intel and sold by Intel or its authorized distributors.  Please     Info: refer to the applicable agreement for further details, at     Info: https://fpgasoftware.intel.com/eula.     Info: Processing started: Sun Jan 16 12:18:36 2022 Info: Command: quartus_sh -t run_simgen_cmd.tcl Info: ******************************************************************* Info: Running Quartus Prime Analysis & Synthesis     Info: Version 19.1.0 Build 670 09/22/2019 SJ Lite Edition     Info: Copyright (C) 2019  Intel Corporation. All rights reserved.     Info: Your use of Intel Corporation's design tools, logic functions      Info: and other software and tools, and any partner logic      Info: functions, and any output files from any of the foregoing      Info: (including device programming or simulation files), and any      Info: associated documentation or information are expressly subject      Info: to the terms and conditions of the Intel Program License      Info: Subscription Agreement, the Intel Quartus Prime License Agreement,     Info: the Intel FPGA IP License Agreement, or other applicable license     Info: agreement, including, without limitation, that your use is for     Info: the sole purpose of programming logic devices manufactured by     Info: Intel and sold by Intel or its authorized distributors.  Please     Info: refer to the applicable agreement for further details, at     Info: https://fpgasoftware.intel.com/eula.     Info: Processing started: Sun Jan 16 12:18:37 2022 Info: Command: quartus_map squares_pll_0.qpf --simgen --ini=disable_check_quartus_compatibility_qsys_only=on --simgen_parameter=CBX_HDL_LANGUAGE=VERILOG Info (20034): Auto device selection is not supported for Cyclone V device family. The default device, 5CGXFC7C7F23C8, is set. Warning (18236): Number of processors has not been specified which may cause overloading on shared machines.  Set the global assignment NUM_PARALLEL_PROCESSORS in your QSF to an appropriate value for best performance. Info (20030): Parallel compilation is enabled and will use 8 of the 8 processors detected Info (12021): Found 1 design units, including 1 entities, in source file squares_pll_0.v     Info (12023): Found entity 1: squares_pll_0 File: /tmp/alt9008_3672362444390483533.dir/0003_pll_0_gen/squares_pll_0.v Line: 2 Info (12127): Elaborating entity "squares_pll_0" for the top level hierarchy Info (12128): Elaborating entity "altera_pll" for hierarchy "altera_pll:altera_pll_i" File: /tmp/alt9008_3672362444390483533.dir/0003_pll_0_gen/squares_pll_0.v Line: 85 Info (10008): Verilog HDL or VHDL information: EDA Netlist Writer cannot regroup multidimensional array "wire_to_nowhere_64" into its bus Info (12130): Elaborated megafunction instantiation "altera_pll:altera_pll_i" File: /tmp/alt9008_3672362444390483533.dir/0003_pll_0_gen/squares_pll_0.v Line: 85 Info (12133): Instantiated megafunction "altera_pll:altera_pll_i" with the following parameter: File: /tmp/alt9008_3672362444390483533.dir/0003_pll_0_gen/squares_pll_0.v Line: 85     Info (12134): Parameter "fractional_vco_multiplier" = "false"     Info (12134): Parameter "reference_clock_frequency" = "50.0 MHz"     Info (12134): Parameter "operation_mode" = "direct"     Info (12134): Parameter "number_of_clocks" = "1"     Info (12134): Parameter "output_clock_frequency0" = "25.000000 MHz"     Info (12134): Parameter "phase_shift0" = "0 ps"     Info (12134): Parameter "duty_cycle0" = "50"     Info (12134): Parameter "output_clock_frequency1" = "0 MHz"     Info (12134): Parameter "phase_shift1" = "0 ps"     Info (12134): Parameter "duty_cycle1" = "50"     Info (12134): Parameter "output_clock_frequency2" = "0 MHz"     Info (12134): Parameter "phase_shift2" = "0 ps"     Info (12134): Parameter "duty_cycle2" = "50"     Info (12134): Parameter "output_clock_frequency3" = "0 MHz"     Info (12134): Parameter "phase_shift3" = "0 ps"     Info (12134): Parameter "duty_cycle3" = "50"     Info (12134): Parameter "output_clock_frequency4" = "0 MHz"     Info (12134): Parameter "phase_shift4" = "0 ps"     Info (12134): Parameter "duty_cycle4" = "50"     Info (12134): Parameter "output_clock_frequency5" = "0 MHz"     Info (12134): Parameter "phase_shift5" = "0 ps"     Info (12134): Parameter "duty_cycle5" = "50"     Info (12134): Parameter "output_clock_frequency6" = "0 MHz"     Info (12134): Parameter "phase_shift6" = "0 ps"     Info (12134): Parameter "duty_cycle6" = "50"     Info (12134): Parameter "output_clock_frequency7" = "0 MHz"     Info (12134): Parameter "phase_shift7" = "0 ps"     Info (12134): Parameter "duty_cycle7" = "50"     Info (12134): Parameter "output_clock_frequency8" = "0 MHz"     Info (12134): Parameter "phase_shift8" = "0 ps"     Info (12134): Parameter "duty_cycle8" = "50"     Info (12134): Parameter "output_clock_frequency9" = "0 MHz"     Info (12134): Parameter "phase_shift9" = "0 ps"     Info (12134): Parameter "duty_cycle9" = "50"     Info (12134): Parameter "output_clock_frequency10" = "0 MHz"     Info (12134): Parameter "phase_shift10" = "0 ps"     Info (12134): Parameter "duty_cycle10" = "50"     Info (12134): Parameter "output_clock_frequency11" = "0 MHz"     Info (12134): Parameter "phase_shift11" = "0 ps"     Info (12134): Parameter "duty_cycle11" = "50"     Info (12134): Parameter "output_clock_frequency12" = "0 MHz"     Info (12134): Parameter "phase_shift12" = "0 ps"     Info (12134): Parameter "duty_cycle12" = "50"     Info (12134): Parameter "output_clock_frequency13" = "0 MHz"     Info (12134): Parameter "phase_shift13" = "0 ps"     Info (12134): Parameter "duty_cycle13" = "50"     Info (12134): Parameter "output_clock_frequency14" = "0 MHz"     Info (12134): Parameter "phase_shift14" = "0 ps"     Info (12134): Parameter "duty_cycle14" = "50"     Info (12134): Parameter "output_clock_frequency15" = "0 MHz"     Info (12134): Parameter "phase_shift15" = "0 ps"     Info (12134): Parameter "duty_cycle15" = "50"     Info (12134): Parameter "output_clock_frequency16" = "0 MHz"     Info (12134): Parameter "phase_shift16" = "0 ps"     Info (12134): Parameter "duty_cycle16" = "50"     Info (12134): Parameter "output_clock_frequency17" = "0 MHz"     Info (12134): Parameter "phase_shift17" = "0 ps"     Info (12134): Parameter "duty_cycle17" = "50"     Info (12134): Parameter "pll_type" = "General"     Info (12134): Parameter "pll_subtype" = "General" Info (281010): Generating sgate simulator netlist using Simgen SIMGEN_PROGRESS Start of Model generation -- 0% complete SIMGEN_PROGRESS Phase 1 : Internal Objects created -- 25% complete SIMGEN_PROGRESS Phase 2 : Connections between internal objects made -- 60% complete SIMGEN_PROGRESS Phase 3 : Netlist generated -- 100% complete Info: Quartus Prime Analysis & Synthesis was successful. 0 errors, 1 warning     Info: Peak virtual memory: 919 megabytes     Info: Processing ended: Sun Jan 16 12:18:41 2022     Info: Elapsed time: 00:00:04     Info: Total CPU time (on all processors): 00:00:13 Info (23030): Evaluation of Tcl script run_simgen_cmd.tcl was successful Info: Quartus Prime Shell was successful. 0 errors, 0 warnings     Info: Peak virtual memory: 753 megabytes     Info: Processing ended: Sun Jan 16 12:18:41 2022     Info: Elapsed time: 00:00:05     Info: Total CPU time (on all processors): 00:00:14
Info: pll_0: Simgen was successful
Info: pll_0: "squares" instantiated altera_pll "pll_0"
Info: video_pll_0: "squares" instantiated altera_up_avalon_video_pll "video_pll_0"
Info: video_vga_controller_0: Starting Generation of VGA Controller
Info: video_vga_controller_0: "squares" instantiated altera_up_avalon_video_vga_controller "video_vga_controller_0"
Info: rst_controller: "squares" instantiated altera_reset_controller "rst_controller"
Info: video_pll: Generating simgen model
Info: video_pll: Info: ******************************************************************* Info: Running Quartus Prime Shell     Info: Version 19.1.0 Build 670 09/22/2019 SJ Lite Edition     Info: Copyright (C) 2019  Intel Corporation. All rights reserved.     Info: Your use of Intel Corporation's design tools, logic functions      Info: and other software and tools, and any partner logic      Info: functions, and any output files from any of the foregoing      Info: (including device programming or simulation files), and any      Info: associated documentation or information are expressly subject      Info: to the terms and conditions of the Intel Program License      Info: Subscription Agreement, the Intel Quartus Prime License Agreement,     Info: the Intel FPGA IP License Agreement, or other applicable license     Info: agreement, including, without limitation, that your use is for     Info: the sole purpose of programming logic devices manufactured by     Info: Intel and sold by Intel or its authorized distributors.  Please     Info: refer to the applicable agreement for further details, at     Info: https://fpgasoftware.intel.com/eula.     Info: Processing started: Sun Jan 16 12:18:43 2022 Info: Command: quartus_sh -t run_simgen_cmd.tcl Info: ******************************************************************* Info: Running Quartus Prime Analysis & Synthesis     Info: Version 19.1.0 Build 670 09/22/2019 SJ Lite Edition     Info: Copyright (C) 2019  Intel Corporation. All rights reserved.     Info: Your use of Intel Corporation's design tools, logic functions      Info: and other software and tools, and any partner logic      Info: functions, and any output files from any of the foregoing      Info: (including device programming or simulation files), and any      Info: associated documentation or information are expressly subject      Info: to the terms and conditions of the Intel Program License      Info: Subscription Agreement, the Intel Quartus Prime License Agreement,     Info: the Intel FPGA IP License Agreement, or other applicable license     Info: agreement, including, without limitation, that your use is for     Info: the sole purpose of programming logic devices manufactured by     Info: Intel and sold by Intel or its authorized distributors.  Please     Info: refer to the applicable agreement for further details, at     Info: https://fpgasoftware.intel.com/eula.     Info: Processing started: Sun Jan 16 12:18:44 2022 Info: Command: quartus_map squares_video_pll_0_video_pll.qpf --simgen --ini=disable_check_quartus_compatibility_qsys_only=on --simgen_parameter=CBX_HDL_LANGUAGE=VERILOG Info (20034): Auto device selection is not supported for Cyclone V device family. The default device, 5CGXFC7C7F23C8, is set. Warning (18236): Number of processors has not been specified which may cause overloading on shared machines.  Set the global assignment NUM_PARALLEL_PROCESSORS in your QSF to an appropriate value for best performance. Info (20030): Parallel compilation is enabled and will use 8 of the 8 processors detected Info (12021): Found 1 design units, including 1 entities, in source file squares_video_pll_0_video_pll.v     Info (12023): Found entity 1: squares_video_pll_0_video_pll File: /tmp/alt9008_3672362444390483533.dir/0006_video_pll_gen/squares_video_pll_0_video_pll.v Line: 2 Info (12127): Elaborating entity "squares_video_pll_0_video_pll" for the top level hierarchy Info (12128): Elaborating entity "altera_pll" for hierarchy "altera_pll:altera_pll_i" File: /tmp/alt9008_3672362444390483533.dir/0006_video_pll_gen/squares_video_pll_0_video_pll.v Line: 91 Info (10008): Verilog HDL or VHDL information: EDA Netlist Writer cannot regroup multidimensional array "wire_to_nowhere_64" into its bus Info (12130): Elaborated megafunction instantiation "altera_pll:altera_pll_i" File: /tmp/alt9008_3672362444390483533.dir/0006_video_pll_gen/squares_video_pll_0_video_pll.v Line: 91 Info (12133): Instantiated megafunction "altera_pll:altera_pll_i" with the following parameter: File: /tmp/alt9008_3672362444390483533.dir/0006_video_pll_gen/squares_video_pll_0_video_pll.v Line: 91     Info (12134): Parameter "fractional_vco_multiplier" = "false"     Info (12134): Parameter "reference_clock_frequency" = "50.0 MHz"     Info (12134): Parameter "operation_mode" = "direct"     Info (12134): Parameter "number_of_clocks" = "3"     Info (12134): Parameter "output_clock_frequency0" = "25.000000 MHz"     Info (12134): Parameter "phase_shift0" = "0 ps"     Info (12134): Parameter "duty_cycle0" = "50"     Info (12134): Parameter "output_clock_frequency1" = "25.000000 MHz"     Info (12134): Parameter "phase_shift1" = "0 ps"     Info (12134): Parameter "duty_cycle1" = "50"     Info (12134): Parameter "output_clock_frequency2" = "33.000000 MHz"     Info (12134): Parameter "phase_shift2" = "0 ps"     Info (12134): Parameter "duty_cycle2" = "50"     Info (12134): Parameter "output_clock_frequency3" = "0 MHz"     Info (12134): Parameter "phase_shift3" = "0 ps"     Info (12134): Parameter "duty_cycle3" = "50"     Info (12134): Parameter "output_clock_frequency4" = "0 MHz"     Info (12134): Parameter "phase_shift4" = "0 ps"     Info (12134): Parameter "duty_cycle4" = "50"     Info (12134): Parameter "output_clock_frequency5" = "0 MHz"     Info (12134): Parameter "phase_shift5" = "0 ps"     Info (12134): Parameter "duty_cycle5" = "50"     Info (12134): Parameter "output_clock_frequency6" = "0 MHz"     Info (12134): Parameter "phase_shift6" = "0 ps"     Info (12134): Parameter "duty_cycle6" = "50"     Info (12134): Parameter "output_clock_frequency7" = "0 MHz"     Info (12134): Parameter "phase_shift7" = "0 ps"     Info (12134): Parameter "duty_cycle7" = "50"     Info (12134): Parameter "output_clock_frequency8" = "0 MHz"     Info (12134): Parameter "phase_shift8" = "0 ps"     Info (12134): Parameter "duty_cycle8" = "50"     Info (12134): Parameter "output_clock_frequency9" = "0 MHz"     Info (12134): Parameter "phase_shift9" = "0 ps"     Info (12134): Parameter "duty_cycle9" = "50"     Info (12134): Parameter "output_clock_frequency10" = "0 MHz"     Info (12134): Parameter "phase_shift10" = "0 ps"     Info (12134): Parameter "duty_cycle10" = "50"     Info (12134): Parameter "output_clock_frequency11" = "0 MHz"     Info (12134): Parameter "phase_shift11" = "0 ps"     Info (12134): Parameter "duty_cycle11" = "50"     Info (12134): Parameter "output_clock_frequency12" = "0 MHz"     Info (12134): Parameter "phase_shift12" = "0 ps"     Info (12134): Parameter "duty_cycle12" = "50"     Info (12134): Parameter "output_clock_frequency13" = "0 MHz"     Info (12134): Parameter "phase_shift13" = "0 ps"     Info (12134): Parameter "duty_cycle13" = "50"     Info (12134): Parameter "output_clock_frequency14" = "0 MHz"     Info (12134): Parameter "phase_shift14" = "0 ps"     Info (12134): Parameter "duty_cycle14" = "50"     Info (12134): Parameter "output_clock_frequency15" = "0 MHz"     Info (12134): Parameter "phase_shift15" = "0 ps"     Info (12134): Parameter "duty_cycle15" = "50"     Info (12134): Parameter "output_clock_frequency16" = "0 MHz"     Info (12134): Parameter "phase_shift16" = "0 ps"     Info (12134): Parameter "duty_cycle16" = "50"     Info (12134): Parameter "output_clock_frequency17" = "0 MHz"     Info (12134): Parameter "phase_shift17" = "0 ps"     Info (12134): Parameter "duty_cycle17" = "50"     Info (12134): Parameter "pll_type" = "General"     Info (12134): Parameter "pll_subtype" = "General" Info (281010): Generating sgate simulator netlist using Simgen SIMGEN_PROGRESS Start of Model generation -- 0% complete SIMGEN_PROGRESS Phase 1 : Internal Objects created -- 25% complete SIMGEN_PROGRESS Phase 2 : Connections between internal objects made -- 60% complete SIMGEN_PROGRESS Phase 3 : Netlist generated -- 100% complete Info: Quartus Prime Analysis & Synthesis was successful. 0 errors, 1 warning     Info: Peak virtual memory: 919 megabytes     Info: Processing ended: Sun Jan 16 12:18:48 2022     Info: Elapsed time: 00:00:04     Info: Total CPU time (on all processors): 00:00:13 Info (23030): Evaluation of Tcl script run_simgen_cmd.tcl was successful Info: Quartus Prime Shell was successful. 0 errors, 0 warnings     Info: Peak virtual memory: 753 megabytes     Info: Processing ended: Sun Jan 16 12:18:48 2022     Info: Elapsed time: 00:00:05     Info: Total CPU time (on all processors): 00:00:14
Info: video_pll: Simgen was successful
Info: video_pll: "video_pll_0" instantiated altera_pll "video_pll"
Info: reset_from_locked: "video_pll_0" instantiated altera_up_avalon_reset_from_locked_signal "reset_from_locked"
Info: squares: Done "squares" with 8 modules, 11 files
Info: qsys-generate succeeded.
Info: Finished: Create simulation model
Info: Starting: Create Modelsim Project.
Info: sim-script-gen --spd=/home/kasia/Documents/9_semestr/fpga/CodeGenerated/DE1_SOC/Squares/squares/squares.spd --output-directory=/home/kasia/Documents/9_semestr/fpga/CodeGenerated/DE1_SOC/Squares/squares/simulation/ --use-relative-paths=true
Info: Doing: ip-make-simscript --spd=/home/kasia/Documents/9_semestr/fpga/CodeGenerated/DE1_SOC/Squares/squares/squares.spd --output-directory=/home/kasia/Documents/9_semestr/fpga/CodeGenerated/DE1_SOC/Squares/squares/simulation/ --use-relative-paths=true
Info: Generating the following file(s) for MODELSIM simulator in /home/kasia/Documents/9_semestr/fpga/CodeGenerated/DE1_SOC/Squares/squares/simulation/ directory:
Info: 	mentor/msim_setup.tcl
Info: Generating the following file(s) for VCS simulator in /home/kasia/Documents/9_semestr/fpga/CodeGenerated/DE1_SOC/Squares/squares/simulation/ directory:
Info: 	synopsys/vcs/vcs_setup.sh
Info: Generating the following file(s) for VCSMX simulator in /home/kasia/Documents/9_semestr/fpga/CodeGenerated/DE1_SOC/Squares/squares/simulation/ directory:
Info: 	synopsys/vcsmx/synopsys_sim.setup
Info: 	synopsys/vcsmx/vcsmx_setup.sh
Info: Generating the following file(s) for NCSIM simulator in /home/kasia/Documents/9_semestr/fpga/CodeGenerated/DE1_SOC/Squares/squares/simulation/ directory:
Info: 	cadence/cds.lib
Info: 	cadence/hdl.var
Info: 	cadence/ncsim_setup.sh
Info: 	7 .cds.lib files in cadence/cds_libs/ directory
Info: Generating the following file(s) for RIVIERA simulator in /home/kasia/Documents/9_semestr/fpga/CodeGenerated/DE1_SOC/Squares/squares/simulation/ directory:
Info: 	aldec/rivierapro_setup.tcl
Info: For information on how to simulate your IP, see the explanatory comments in the simulator-specific subdirectories under /home/kasia/Documents/9_semestr/fpga/CodeGenerated/DE1_SOC/Squares/squares/simulation/.
Info: Regenerate these scripts whenever you make any change to any Quartus-generated IP in your project.
Info: Finished: Create Modelsim Project.
Info: Starting: Create block symbol file (.bsf)
Info: qsys-generate /home/kasia/Documents/9_semestr/fpga/CodeGenerated/DE1_SOC/Squares/squares.qsys --block-symbol-file --output-directory=/home/kasia/Documents/9_semestr/fpga/CodeGenerated/DE1_SOC/Squares/squares --family="Cyclone V" --part=5CSEMA5F31C6
Progress: Loading Squares/squares.qsys
Progress: Reading input file
Progress: Adding clk_0 [clock_source 19.1]
Progress: Parameterizing module clk_0
Progress: Adding game_0 [game 1.0]
Progress: Parameterizing module game_0
Progress: Adding pll_0 [altera_pll 19.1]
Progress: Parameterizing module pll_0
Progress: Adding video_pll_0 [altera_up_avalon_video_pll 18.0]
Progress: Parameterizing module video_pll_0
Progress: Adding video_vga_controller_0 [altera_up_avalon_video_vga_controller 18.0]
Progress: Parameterizing module video_vga_controller_0
Progress: Building connections
Progress: Parameterizing connections
Progress: Validating
Progress: Done reading input file
Info: squares.pll_0: The legal reference clock frequency is 5.0 MHz..800.0 MHz
Info: squares.pll_0: Able to implement PLL with user settings
Info: squares.video_vga_controller_0: Video Output Stream: Format: 640 x 480 with Color: 10 (bits) x 3 (planes) converted to 8 (bits) per color plane
Info: qsys-generate succeeded.
Info: Finished: Create block symbol file (.bsf)
Info: 
Info: Starting: Create HDL design files for synthesis
Info: qsys-generate /home/kasia/Documents/9_semestr/fpga/CodeGenerated/DE1_SOC/Squares/squares.qsys --synthesis=VERILOG --output-directory=/home/kasia/Documents/9_semestr/fpga/CodeGenerated/DE1_SOC/Squares/squares/synthesis --family="Cyclone V" --part=5CSEMA5F31C6
Progress: Loading Squares/squares.qsys
Progress: Reading input file
Progress: Adding clk_0 [clock_source 19.1]
Progress: Parameterizing module clk_0
Progress: Adding game_0 [game 1.0]
Progress: Parameterizing module game_0
Progress: Adding pll_0 [altera_pll 19.1]
Progress: Parameterizing module pll_0
Progress: Adding video_pll_0 [altera_up_avalon_video_pll 18.0]
Progress: Parameterizing module video_pll_0
Progress: Adding video_vga_controller_0 [altera_up_avalon_video_vga_controller 18.0]
Progress: Parameterizing module video_vga_controller_0
Progress: Building connections
Progress: Parameterizing connections
Progress: Validating
Progress: Done reading input file
Info: squares.pll_0: The legal reference clock frequency is 5.0 MHz..800.0 MHz
Info: squares.pll_0: Able to implement PLL with user settings
Info: squares.video_vga_controller_0: Video Output Stream: Format: 640 x 480 with Color: 10 (bits) x 3 (planes) converted to 8 (bits) per color plane
Info: squares: Generating squares "squares" for QUARTUS_SYNTH
Info: game_0: "squares" instantiated game "game_0"
Info: pll_0: "squares" instantiated altera_pll "pll_0"
Info: video_pll_0: "squares" instantiated altera_up_avalon_video_pll "video_pll_0"
Info: video_vga_controller_0: Starting Generation of VGA Controller
Info: video_vga_controller_0: "squares" instantiated altera_up_avalon_video_vga_controller "video_vga_controller_0"
Info: rst_controller: "squares" instantiated altera_reset_controller "rst_controller"
Info: video_pll: "video_pll_0" instantiated altera_pll "video_pll"
Info: reset_from_locked: "video_pll_0" instantiated altera_up_avalon_reset_from_locked_signal "reset_from_locked"
Info: squares: Done "squares" with 8 modules, 13 files
Info: qsys-generate succeeded.
Info: Finished: Create HDL design files for synthesis
